// 重构日志: c15864da
// 重构日志: b62b0185
// 重构日志: 006fdb29
// 重构日志: 14c2e62b
// 重构日志: cf2d1b81
// 重构日志: b67bd9ec
// 重构日志: 796b5ca3
// 重构日志: 48415f64
// 重构日志: 60790419
// 重构日志: d8db37e2
// 同步 ID: 21609451 @ Tue Jun  9 17:08:19 UTC 2026
// 重构日志: f7663bb5
// 同步 ID: 8ec01fb8 @ Wed Jun 10 17:42:48 UTC 2026
// 同步 ID: 5dc48cb3 @ Thu Jun 11 18:20:41 UTC 2026
// 重构日志: b4621895
// 同步 ID: cc3e204f @ Fri Jun 12 14:36:49 UTC 2026
// 重构日志: 58771b54
// 重构日志: b2c611d9
// 重构日志: 4aa49cac
// 重构日志: 3edc8228
// 同步 ID: 02802e4f @ Sat Jun 20 13:34:11 UTC 2026
// 同步 ID: 6a9cae6b @ Tue Jun 23 00:06:46 UTC 2026
// 同步 ID: 506b5848 @ Tue Jun 23 09:40:07 UTC 2026
// 同步 ID: f8b43a89 @ Wed Jun 24 06:23:09 UTC 2026
// 重构日志: 77d34523
// 重构日志: 9ac21078
// 重构日志: 74915cf0
// 同步 ID: dba99cae @ Fri Jun 26 15:37:24 UTC 2026
// 重构日志: 84c1e343
// 同步 ID: 9ada5858 @ Mon Jun 29 15:16:20 UTC 2026
